Using pre-set license
Built from '2020.3/staging' branch; Version is '2020.3.18f1 (a7d1c678663c) revision 10998214'; Using compiler version '192528614'; Build Type 'Release'
OS: 'Windows 10 Home; OS build 19044.1586; Version 2009; 64bit' Language: 'pl' Physical Memory: 16336 MB
BatchMode: 1, IsHumanControllingUs: 0, StartBugReporterOnCrash: 0, Is64bit: 1, IsPro: 0

COMMAND LINE ARGUMENTS:
C:\Program Files\Unity\Hub\Editor\2020.3.18f1\Editor\Unity.exe
-adb2
-batchMode
-noUpm
-name
AssetImportWorker0
-projectPath
C:/Users/Daniello/Documents/Projects/RocketCommand/RocketCommand
-logFile
Logs/AssetImportWorker0.log
-srvPort
51333
Successfully changed project path to: C:/Users/Daniello/Documents/Projects/RocketCommand/RocketCommand
C:/Users/Daniello/Documents/Projects/RocketCommand/RocketCommand
Using Asset Import Pipeline V2.
Refreshing native plugins compatible for Editor in 49.81 ms, found 3 plugins.
Preloading 0 native plugins for Editor in 0.00 ms.
Initialize engine version: 2020.3.18f1 (a7d1c678663c)
[Subsystems] Discovering subsystems at path C:/Program Files/Unity/Hub/Editor/2020.3.18f1/Editor/Data/Resources/UnitySubsystems
[Subsystems] Discovering subsystems at path C:/Users/Daniello/Documents/Projects/RocketCommand/RocketCommand/Assets
GfxDevice: creating device client; threaded=0
Direct3D:
    Version:  Direct3D 11.0 [level 11.1]
    Renderer: NVIDIA GeForce RTX 3060 (ID=0x2504)
    Vendor:   
    VRAM:     12143 MB
    Driver:   30.0.14.9709
Initialize mono
Mono path[0] = 'C:/Program Files/Unity/Hub/Editor/2020.3.18f1/Editor/Data/Managed'
Mono path[1] = 'C:/Program Files/Unity/Hub/Editor/2020.3.18f1/Editor/Data/MonoBleedingEdge/lib/mono/unityjit'
Mono config path = 'C:/Program Files/Unity/Hub/Editor/2020.3.18f1/Editor/Data/MonoBleedingEdge/etc'
Using monoOptions --debugger-agent=transport=dt_socket,embedding=1,server=y,suspend=n,address=127.0.0.1:56072
Begin MonoManager ReloadAssembly
Registering precompiled unity dll's ...
Register platform support module: C:/Program Files/Unity/Hub/Editor/2020.3.18f1/Editor/Data/PlaybackEngines/WindowsStandaloneSupport/UnityEditor.WindowsStandalone.Extensions.dll
Registered in 0.002004 seconds.
Native extension for WindowsStandalone target not found
Refreshing native plugins compatible for Editor in 50.14 ms, found 3 plugins.
Preloading 0 native plugins for Editor in 0.00 ms.
Mono: successfully reloaded assembly
- Completed reload, in  1.117 seconds
Domain Reload Profiling:
	ReloadAssembly (1117ms)
		BeginReloadAssembly (52ms)
			ExecutionOrderSort (0ms)
			DisableScriptedObjects (0ms)
			BackupInstance (0ms)
			ReleaseScriptingObjects (0ms)
			CreateAndSetChildDomain (1ms)
		EndReloadAssembly (508ms)
			LoadAssemblies (50ms)
			RebuildTransferFunctionScriptingTraits (0ms)
			SetupTypeCache (228ms)
			ReleaseScriptCaches (0ms)
			RebuildScriptCaches (27ms)
			SetupLoadedEditorAssemblies (190ms)
				LogAssemblyErrors (0ms)
				InitializePlatformSupportModulesInManaged (3ms)
				SetLoadedEditorAssemblies (0ms)
				RefreshPlugins (50ms)
				BeforeProcessingInitializeOnLoad (14ms)
				ProcessInitializeOnLoadAttributes (98ms)
				ProcessInitializeOnLoadMethodAttributes (24ms)
				AfterProcessingInitializeOnLoad (0ms)
				EditorAssembliesLoaded (0ms)
			ExecutionOrderSort2 (0ms)
			AwakeInstancesAfterBackupRestoration (0ms)
Platform modules already initialized, skipping
Registering precompiled user dll's ...
Registered in 0.003668 seconds.
Begin MonoManager ReloadAssembly
Native extension for WindowsStandalone target not found
Refreshing native plugins compatible for Editor in 48.89 ms, found 3 plugins.
Preloading 0 native plugins for Editor in 0.00 ms.
Mono: successfully reloaded assembly
- Completed reload, in  1.223 seconds
Domain Reload Profiling:
	ReloadAssembly (1223ms)
		BeginReloadAssembly (172ms)
			ExecutionOrderSort (0ms)
			DisableScriptedObjects (4ms)
			BackupInstance (0ms)
			ReleaseScriptingObjects (0ms)
			CreateAndSetChildDomain (21ms)
		EndReloadAssembly (966ms)
			LoadAssemblies (96ms)
			RebuildTransferFunctionScriptingTraits (0ms)
			SetupTypeCache (335ms)
			ReleaseScriptCaches (0ms)
			RebuildScriptCaches (42ms)
			SetupLoadedEditorAssemblies (318ms)
				LogAssemblyErrors (0ms)
				InitializePlatformSupportModulesInManaged (4ms)
				SetLoadedEditorAssemblies (0ms)
				RefreshPlugins (49ms)
				BeforeProcessingInitializeOnLoad (72ms)
				ProcessInitializeOnLoadAttributes (174ms)
				ProcessInitializeOnLoadMethodAttributes (12ms)
				AfterProcessingInitializeOnLoad (6ms)
				EditorAssembliesLoaded (0ms)
			ExecutionOrderSort2 (0ms)
			AwakeInstancesAfterBackupRestoration (6ms)
Platform modules already initialized, skipping
========================================================================
Worker process is ready to serve import requests
Launched and connected shader compiler UnityShaderCompiler.exe after 0.04 seconds
Refreshing native plugins compatible for Editor in 0.52 ms, found 3 plugins.
Preloading 0 native plugins for Editor in 0.00 ms.
Unloading 2097 Unused Serialized files (Serialized files now loaded: 0)
System memory in use before: 93.4 MB.
System memory in use after: 93.5 MB.

Unloading 26 unused Assets to reduce memory usage. Loaded Objects now: 2538.
Total: 2.479500 ms (FindLiveObjects: 0.180900 ms CreateObjectMapping: 0.075200 ms MarkObjects: 2.165100 ms  DeleteObjects: 0.057200 ms)

AssetImportParameters requested are different than current active one (requested -> active):
  custom:framework-win-MediaFoundation: 216162199b28c13a410421893ffa2e32 -> 
  custom:video-decoder-ogg-theora: a1e56fd34408186e4bbccfd4996cb3dc -> 
  custom:container-muxer-webm: aa71ff27fc2769a1b78a27578f13a17b -> 
  custom:container-demuxer-webm: 4f35f7cbe854078d1ac9338744f61a02 -> 
  custom:container-demuxer-ogg: 62fdf1f143b41e24485cea50d1cbac27 -> 
  custom:video-encoder-webm-vp8: eb34c28f22e8b96e1ab97ce403110664 -> 
  custom:video-decoder-webm-vp8: 9c59270c3fd7afecdb556c50c9e8de78 -> 
  custom:audio-decoder-ogg-vorbis: bf7c407c2cedff20999df2af8eb42d56 -> 
  custom:audio-encoder-webm-vorbis: bf7c407c2cedff20999df2af8eb42d56 -> 
========================================================================
Received Import Request.
  path: Assets/3rd Party/kenney_spaceshooterextension/PNG/Sprites X2
  artifactKey: Guid(dc3d2e33b20f41542977483da7b2bda9) Importer(815301076,1909f56bfc062723c751e8b465ee728b)
Start importing Assets/3rd Party/kenney_spaceshooterextension/PNG/Sprites X2 using Guid(dc3d2e33b20f41542977483da7b2bda9) Importer(815301076,1909f56bfc062723c751e8b465ee728b)  -> (artifact id: '43ce0196c92a38cb33d38c822188f521') in 0.008717 seconds 
  Import took 0.012346 seconds .

========================================================================
Received Import Request.
  Time since last request: 0.000269 seconds.
  path: Assets/3rd Party/kenney_spaceshooterextension/PNG/Sprites X2/Missiles
  artifactKey: Guid(558c5e96e4d90ff49a1f61904504a610) Importer(815301076,1909f56bfc062723c751e8b465ee728b)
Start importing Assets/3rd Party/kenney_spaceshooterextension/PNG/Sprites X2/Missiles using Guid(558c5e96e4d90ff49a1f61904504a610) Importer(815301076,1909f56bfc062723c751e8b465ee728b)  -> (artifact id: 'f1fd22f77aeceb7a0956fa122dbcd34e') in 0.007154 seconds 
  Import took 0.010752 seconds .

========================================================================
Received Import Request.
  Time since last request: 418.034675 seconds.
  path: Assets/Prefabs/SpaceMissile.prefab
  artifactKey: Guid(98a6943187a42b24498e1782213cc48e) Importer(815301076,1909f56bfc062723c751e8b465ee728b)
Start importing Assets/Prefabs/SpaceMissile.prefab using Guid(98a6943187a42b24498e1782213cc48e) Importer(815301076,1909f56bfc062723c751e8b465ee728b)  -> (artifact id: '36950e2e3a057b75fd7be7bc5496ac4e') in 0.119183 seconds 
  Import took 0.123792 seconds .

========================================================================
Received Prepare
Registering precompiled user dll's ...
Registered in 0.003586 seconds.
Begin MonoManager ReloadAssembly
Native extension for WindowsStandalone target not found
Refreshing native plugins compatible for Editor in 0.52 ms, found 3 plugins.
Preloading 0 native plugins for Editor in 0.00 ms.
Mono: successfully reloaded assembly
- Completed reload, in  0.950 seconds
Domain Reload Profiling:
	ReloadAssembly (950ms)
		BeginReloadAssembly (110ms)
			ExecutionOrderSort (0ms)
			DisableScriptedObjects (6ms)
			BackupInstance (0ms)
			ReleaseScriptingObjects (0ms)
			CreateAndSetChildDomain (33ms)
		EndReloadAssembly (782ms)
			LoadAssemblies (89ms)
			RebuildTransferFunctionScriptingTraits (0ms)
			SetupTypeCache (260ms)
			ReleaseScriptCaches (1ms)
			RebuildScriptCaches (37ms)
			SetupLoadedEditorAssemblies (299ms)
				LogAssemblyErrors (0ms)
				InitializePlatformSupportModulesInManaged (5ms)
				SetLoadedEditorAssemblies (0ms)
				RefreshPlugins (1ms)
				BeforeProcessingInitializeOnLoad (95ms)
				ProcessInitializeOnLoadAttributes (187ms)
				ProcessInitializeOnLoadMethodAttributes (5ms)
				AfterProcessingInitializeOnLoad (6ms)
				EditorAssembliesLoaded (0ms)
			ExecutionOrderSort2 (0ms)
			AwakeInstancesAfterBackupRestoration (10ms)
Platform modules already initialized, skipping
Refreshing native plugins compatible for Editor in 0.53 ms, found 3 plugins.
Preloading 0 native plugins for Editor in 0.00 ms.
Unloading 2087 Unused Serialized files (Serialized files now loaded: 0)
System memory in use before: 95.9 MB.
System memory in use after: 96.0 MB.

Unloading 14 unused Assets to reduce memory usage. Loaded Objects now: 2548.
Total: 3.702700 ms (FindLiveObjects: 0.208800 ms CreateObjectMapping: 0.088300 ms MarkObjects: 3.135900 ms  DeleteObjects: 0.268200 ms)

AssetImportParameters requested are different than current active one (requested -> active):
  custom:framework-win-MediaFoundation: 216162199b28c13a410421893ffa2e32 -> 
  custom:video-decoder-ogg-theora: a1e56fd34408186e4bbccfd4996cb3dc -> 
  custom:container-muxer-webm: aa71ff27fc2769a1b78a27578f13a17b -> 
  custom:container-demuxer-webm: 4f35f7cbe854078d1ac9338744f61a02 -> 
  custom:container-demuxer-ogg: 62fdf1f143b41e24485cea50d1cbac27 -> 
  custom:video-encoder-webm-vp8: eb34c28f22e8b96e1ab97ce403110664 -> 
  custom:video-decoder-webm-vp8: 9c59270c3fd7afecdb556c50c9e8de78 -> 
  custom:audio-decoder-ogg-vorbis: bf7c407c2cedff20999df2af8eb42d56 -> 
  custom:audio-encoder-webm-vorbis: bf7c407c2cedff20999df2af8eb42d56 -> 
========================================================================
Received Import Request.
  Time since last request: 39.550179 seconds.
  path: Assets/Prefabs/SpaceMissile.prefab
  artifactKey: Guid(98a6943187a42b24498e1782213cc48e) Importer(815301076,1909f56bfc062723c751e8b465ee728b)
Start importing Assets/Prefabs/SpaceMissile.prefab using Guid(98a6943187a42b24498e1782213cc48e) Importer(815301076,1909f56bfc062723c751e8b465ee728b)  -> (artifact id: '66a362838406337d876b29fb2815a966') in 0.053883 seconds 
  Import took 0.059953 seconds .

========================================================================
Received Prepare
Registering precompiled user dll's ...
Registered in 0.003493 seconds.
Begin MonoManager ReloadAssembly
Native extension for WindowsStandalone target not found
Refreshing native plugins compatible for Editor in 0.53 ms, found 3 plugins.
Preloading 0 native plugins for Editor in 0.00 ms.
Mono: successfully reloaded assembly
- Completed reload, in  1.000 seconds
Domain Reload Profiling:
	ReloadAssembly (1001ms)
		BeginReloadAssembly (107ms)
			ExecutionOrderSort (0ms)
			DisableScriptedObjects (6ms)
			BackupInstance (0ms)
			ReleaseScriptingObjects (0ms)
			CreateAndSetChildDomain (32ms)
		EndReloadAssembly (836ms)
			LoadAssemblies (85ms)
			RebuildTransferFunctionScriptingTraits (0ms)
			SetupTypeCache (351ms)
			ReleaseScriptCaches (1ms)
			RebuildScriptCaches (40ms)
			SetupLoadedEditorAssemblies (264ms)
				LogAssemblyErrors (0ms)
				InitializePlatformSupportModulesInManaged (4ms)
				SetLoadedEditorAssemblies (0ms)
				RefreshPlugins (1ms)
				BeforeProcessingInitializeOnLoad (75ms)
				ProcessInitializeOnLoadAttributes (172ms)
				ProcessInitializeOnLoadMethodAttributes (5ms)
				AfterProcessingInitializeOnLoad (7ms)
				EditorAssembliesLoaded (0ms)
			ExecutionOrderSort2 (0ms)
			AwakeInstancesAfterBackupRestoration (9ms)
Platform modules already initialized, skipping
Refreshing native plugins compatible for Editor in 0.78 ms, found 3 plugins.
Preloading 0 native plugins for Editor in 0.00 ms.
Unloading 2087 Unused Serialized files (Serialized files now loaded: 0)
System memory in use before: 95.9 MB.
System memory in use after: 96.0 MB.

Unloading 14 unused Assets to reduce memory usage. Loaded Objects now: 2552.
Total: 2.474000 ms (FindLiveObjects: 0.179500 ms CreateObjectMapping: 0.071400 ms MarkObjects: 2.205800 ms  DeleteObjects: 0.016600 ms)

AssetImportParameters requested are different than current active one (requested -> active):
  custom:framework-win-MediaFoundation: 216162199b28c13a410421893ffa2e32 -> 
  custom:video-decoder-ogg-theora: a1e56fd34408186e4bbccfd4996cb3dc -> 
  custom:container-muxer-webm: aa71ff27fc2769a1b78a27578f13a17b -> 
  custom:container-demuxer-webm: 4f35f7cbe854078d1ac9338744f61a02 -> 
  custom:container-demuxer-ogg: 62fdf1f143b41e24485cea50d1cbac27 -> 
  custom:video-encoder-webm-vp8: eb34c28f22e8b96e1ab97ce403110664 -> 
  custom:video-decoder-webm-vp8: 9c59270c3fd7afecdb556c50c9e8de78 -> 
  custom:audio-decoder-ogg-vorbis: bf7c407c2cedff20999df2af8eb42d56 -> 
  custom:audio-encoder-webm-vorbis: bf7c407c2cedff20999df2af8eb42d56 -> 
========================================================================
Received Import Request.
  Time since last request: 224.073024 seconds.
  path: Assets/3rd Party/abstract-platformer-370-assets/Spritesheet
  artifactKey: Guid(827b8682d9578064c934aca985ed7463) Importer(815301076,1909f56bfc062723c751e8b465ee728b)
Start importing Assets/3rd Party/abstract-platformer-370-assets/Spritesheet using Guid(827b8682d9578064c934aca985ed7463) Importer(815301076,1909f56bfc062723c751e8b465ee728b)  -> (artifact id: '0ab19bc992e72a6b75f2aa1cd8a8cf83') in 0.011258 seconds 
  Import took 0.014696 seconds .

========================================================================
Received Import Request.
  Time since last request: 26.681552 seconds.
  path: Assets/Prefabs/RocketLauncher.prefab
  artifactKey: Guid(60ed395b403f2a44880b0c73e6444623) Importer(815301076,1909f56bfc062723c751e8b465ee728b)
Start importing Assets/Prefabs/RocketLauncher.prefab using Guid(60ed395b403f2a44880b0c73e6444623) Importer(815301076,1909f56bfc062723c751e8b465ee728b)  -> (artifact id: 'ff14d5b8ddcf8cdbe3fe90d6defc440b') in 0.054418 seconds 
  Import took 0.057704 seconds .

========================================================================
Received Import Request.
  Time since last request: 9.040422 seconds.
  path: Assets/Prefabs/SpaceBuilding1.prefab
  artifactKey: Guid(0a0a735d513a7774bb82c69d29407a90) Importer(815301076,1909f56bfc062723c751e8b465ee728b)
Start importing Assets/Prefabs/SpaceBuilding1.prefab using Guid(0a0a735d513a7774bb82c69d29407a90) Importer(815301076,1909f56bfc062723c751e8b465ee728b)  -> (artifact id: 'ed1aaa72d4d4bcc8086f54c5794e2b8c') in 0.019644 seconds 
  Import took 0.024250 seconds .

========================================================================
Received Import Request.
  Time since last request: 28.207761 seconds.
  path: Assets/Prefabs/SpaceBuilding1.prefab
  artifactKey: Guid(0a0a735d513a7774bb82c69d29407a90) Importer(815301076,1909f56bfc062723c751e8b465ee728b)
Start importing Assets/Prefabs/SpaceBuilding1.prefab using Guid(0a0a735d513a7774bb82c69d29407a90) Importer(815301076,1909f56bfc062723c751e8b465ee728b)  -> (artifact id: '805fd512f7f2db0e8b692d7f8af91971') in 0.024354 seconds 
  Import took 0.028289 seconds .

========================================================================
Received Import Request.
  Time since last request: 0.007976 seconds.
  path: Assets/Prefabs/SpaceBuilding1.prefab
  artifactKey: Guid(0a0a735d513a7774bb82c69d29407a90) Importer(815301076,1909f56bfc062723c751e8b465ee728b)
Start importing Assets/Prefabs/SpaceBuilding1.prefab using Guid(0a0a735d513a7774bb82c69d29407a90) Importer(815301076,1909f56bfc062723c751e8b465ee728b)  -> (artifact id: '805fd512f7f2db0e8b692d7f8af91971') in 0.037378 seconds 
  Import took 0.041050 seconds .

========================================================================
Received Import Request.
  Time since last request: 35.146020 seconds.
  path: Assets/Prefabs/SpaceBuilding.prefab
  artifactKey: Guid(3ce9dfe2512a0204b85d62af678f4aa5) Importer(815301076,1909f56bfc062723c751e8b465ee728b)
Start importing Assets/Prefabs/SpaceBuilding.prefab using Guid(3ce9dfe2512a0204b85d62af678f4aa5) Importer(815301076,1909f56bfc062723c751e8b465ee728b)  -> (artifact id: '4c9326abc2fe57bce55aff8174806264') in 0.017826 seconds 
  Import took 0.021979 seconds .

========================================================================
Received Import Request.
  Time since last request: 999.585818 seconds.
  path: Assets/Scripts/ShootingController.cs
  artifactKey: Guid(2efd9a6554fbf734a948584b5107db4f) Importer(815301076,1909f56bfc062723c751e8b465ee728b)
Start importing Assets/Scripts/ShootingController.cs using Guid(2efd9a6554fbf734a948584b5107db4f) Importer(815301076,1909f56bfc062723c751e8b465ee728b)  -> (artifact id: '11019b08f195da372e1a18b7af01cfd3') in 0.013353 seconds 
  Import took 0.018723 seconds .

========================================================================
Received Import Request.
  Time since last request: 0.014537 seconds.
  path: Assets/Scripts/ShootingController.cs
  artifactKey: Guid(2efd9a6554fbf734a948584b5107db4f) Importer(815301076,1909f56bfc062723c751e8b465ee728b)
Start importing Assets/Scripts/ShootingController.cs using Guid(2efd9a6554fbf734a948584b5107db4f) Importer(815301076,1909f56bfc062723c751e8b465ee728b)  -> (artifact id: '11019b08f195da372e1a18b7af01cfd3') in 0.002291 seconds 
  Import took 0.005810 seconds .

